-------------------------------------------------------------------------------
Test set: Account types
-------------------------------------------------------------------------------
Tests run: 2, Failures: 1, Errors: 0, Skipped: 0, Time elapsed: 42.465 s <<< FAILURE! - in Account types
Store manager user(Account types)  Time elapsed: 22.623 s  <<< FAILURE!
java.lang.AssertionError

